INFO  [06-06-2015 02:30:34] io.logger.Application - 
APP STARTED...

TRACE [06-06-2015 02:30:34] io.logger.Application - Trace Message!
DEBUG [06-06-2015 02:30:34] io.logger.Application - Debug Message!
INFO  [06-06-2015 02:30:34] io.logger.Application - Info Message!
WARN  [06-06-2015 02:30:34] io.logger.Application - Warn Message!
ERROR [06-06-2015 02:30:34] io.logger.Application - Error Message!
ERROR [06-06-2015 02:30:34] io.logger.Application - ERROR: Cannot format 5x to a number!!
java.lang.NumberFormatException: For input string: "5x"
	at java.lang.NumberFormatException.forInputString(Unknown Source)
	at java.lang.Integer.parseInt(Unknown Source)
	at java.lang.Integer.parseInt(Unknown Source)
	at io.logger.Application.main(Application.java:27)
INFO  [06-06-2015 02:30:34] io.logger.Application - 
APP FINISHED...

INFO  [06-06-2015 02:33:18] io.logger.Application - 
APP STARTED...

TRACE [06-06-2015 02:33:18] io.logger.Application - Trace Message!
DEBUG [06-06-2015 02:33:18] io.logger.Application - Debug Message!
INFO  [06-06-2015 02:33:18] io.logger.Application - Info Message!
WARN  [06-06-2015 02:33:18] io.logger.Application - Warn Message!
ERROR [06-06-2015 02:33:18] io.logger.Application - Error Message!
ERROR [06-06-2015 02:33:18] io.logger.Application - ERROR: Cannot format 5x to a number!!
java.lang.NumberFormatException: For input string: "5x"
	at java.lang.NumberFormatException.forInputString(Unknown Source)
	at java.lang.Integer.parseInt(Unknown Source)
	at java.lang.Integer.parseInt(Unknown Source)
	at io.logger.Application.main(Application.java:27)
INFO  [06-06-2015 02:33:18] io.logger.Application - 
APP FINISHED...

INFO  [06-06-2015 02:33:22] io.logger.Application - 
APP STARTED...

TRACE [06-06-2015 02:33:22] io.logger.Application - Trace Message!
DEBUG [06-06-2015 02:33:22] io.logger.Application - Debug Message!
INFO  [06-06-2015 02:33:22] io.logger.Application - Info Message!
WARN  [06-06-2015 02:33:22] io.logger.Application - Warn Message!
ERROR [06-06-2015 02:33:22] io.logger.Application - Error Message!
ERROR [06-06-2015 02:33:22] io.logger.Application - ERROR: Cannot format 5x to a number!!
java.lang.NumberFormatException: For input string: "5x"
	at java.lang.NumberFormatException.forInputString(Unknown Source)
	at java.lang.Integer.parseInt(Unknown Source)
	at java.lang.Integer.parseInt(Unknown Source)
	at io.logger.Application.main(Application.java:27)
INFO  [06-06-2015 02:33:22] io.logger.Application - 
APP FINISHED...

INFO  [06-06-2015 02:33:27] io.logger.Application - 
APP STARTED...

TRACE [06-06-2015 02:33:27] io.logger.Application - Trace Message!
DEBUG [06-06-2015 02:33:27] io.logger.Application - Debug Message!
INFO  [06-06-2015 02:33:27] io.logger.Application - Info Message!
WARN  [06-06-2015 02:33:27] io.logger.Application - Warn Message!
ERROR [06-06-2015 02:33:27] io.logger.Application - Error Message!
ERROR [06-06-2015 02:33:27] io.logger.Application - ERROR: Cannot format 5x to a number!!
java.lang.NumberFormatException: For input string: "5x"
	at java.lang.NumberFormatException.forInputString(Unknown Source)
	at java.lang.Integer.parseInt(Unknown Source)
	at java.lang.Integer.parseInt(Unknown Source)
	at io.logger.Application.main(Application.java:27)
INFO  [06-06-2015 02:33:27] io.logger.Application - 
APP FINISHED...

INFO  [06-06-2015 02:44:49] io.logger.Application - 
APP STARTED...

TRACE [06-06-2015 02:44:49] io.logger.Application - Trace Message!
DEBUG [06-06-2015 02:44:49] io.logger.Application - Debug Message!
INFO  [06-06-2015 02:44:49] io.logger.Application - Info Message!
WARN  [06-06-2015 02:44:49] io.logger.Application - Warn Message!
ERROR [06-06-2015 02:44:49] io.logger.Application - Error Message!
ERROR [06-06-2015 02:44:49] io.logger.Application - ERROR: Cannot format 5x to a number!!
java.lang.NumberFormatException: For input string: "5x"
	at java.lang.NumberFormatException.forInputString(Unknown Source)
	at java.lang.Integer.parseInt(Unknown Source)
	at java.lang.Integer.parseInt(Unknown Source)
	at io.logger.Application.main(Application.java:27)
INFO  [06-06-2015 02:44:49] io.logger.Application - 
APP FINISHED...

INFO  [06-06-2015 03:03:03] io.logger.properties.LogMessage - 
APP STARTED...

TRACE [06-06-2015 03:03:03] io.logger.properties.LogMessage - Trace Message!
DEBUG [06-06-2015 03:03:03] io.logger.properties.LogMessage - Debug Message!
INFO  [06-06-2015 03:03:03] io.logger.properties.LogMessage - Info Message!
WARN  [06-06-2015 03:03:03] io.logger.properties.LogMessage - Warn Message!
ERROR [06-06-2015 03:03:03] io.logger.properties.LogMessage - Error Message!
ERROR [06-06-2015 03:03:03] io.logger.properties.LogMessage - ERROR: Cannot format 5x to a number!!
java.lang.NumberFormatException: For input string: "5x"
	at java.lang.NumberFormatException.forInputString(Unknown Source)
	at java.lang.Integer.parseInt(Unknown Source)
	at java.lang.Integer.parseInt(Unknown Source)
	at io.logger.tests.Main.main(Main.java:26)
INFO  [06-06-2015 03:03:03] io.logger.properties.LogMessage - 
APP FINISHED...

INFO  [06-06-2015 03:28:34] io.logger.properties.LogMessage - 
APP STARTED...

TRACE [06-06-2015 03:28:34] io.logger.properties.LogMessage - Trace Message!
DEBUG [06-06-2015 03:28:34] io.logger.properties.LogMessage - Debug Message!
INFO  [06-06-2015 03:28:34] io.logger.properties.LogMessage - Info Message!
WARN  [06-06-2015 03:28:34] io.logger.properties.LogMessage - Warn Message!
ERROR [06-06-2015 03:28:34] io.logger.properties.LogMessage - Error Message!
ERROR [06-06-2015 03:28:34] io.logger.properties.LogMessage - ERROR: Cannot format 5x to a number!!
java.lang.NumberFormatException: For input string: "5x"
	at java.lang.NumberFormatException.forInputString(Unknown Source)
	at java.lang.Integer.parseInt(Unknown Source)
	at java.lang.Integer.parseInt(Unknown Source)
	at io.logger.tests.Main.main(Main.java:26)
INFO  [06-06-2015 03:28:34] io.logger.properties.LogMessage - 
APP FINISHED...

