2016-01-17 19:04:16,341 [main] ERROR org.eclipse.jgit.util.FS - Caught exception in FS.readPipe()
java.io.IOException: Cannot run program "bash" (in directory "C:\Users\Americo"): CreateProcess error=2, The system cannot find the file specified
	at java.lang.ProcessBuilder.start(Unknown Source) ~[na:1.8.0_66]
	at java.lang.Runtime.exec(Unknown Source) ~[na:1.8.0_66]
	at org.eclipse.jgit.util.FS.readPipe(FS.java:431) [org.eclipse.jgit_3.7.1.201504261725-r.jar:3.7.1.201504261725-r]
	at org.eclipse.jgit.util.FS_Win32.discoverGitPrefix(FS_Win32.java:113) [org.eclipse.jgit_3.7.1.201504261725-r.jar:3.7.1.201504261725-r]
	at org.eclipse.jgit.util.FS.gitPrefix(FS.java:517) [org.eclipse.jgit_3.7.1.201504261725-r.jar:3.7.1.201504261725-r]
	at org.eclipse.jgit.util.SystemReader$Default.openSystemConfig(SystemReader.java:92) [org.eclipse.jgit_3.7.1.201504261725-r.jar:3.7.1.201504261725-r]
	at org.eclipse.jgit.internal.storage.file.FileRepository.<init>(FileRepository.java:171) [org.eclipse.jgit_3.7.1.201504261725-r.jar:3.7.1.201504261725-r]
	at org.eclipse.jgit.storage.file.FileRepositoryBuilder.build(FileRepositoryBuilder.java:92) [org.eclipse.jgit_3.7.1.201504261725-r.jar:3.7.1.201504261725-r]
	at org.eclipse.jgit.storage.file.FileRepositoryBuilder.create(FileRepositoryBuilder.java:110) [org.eclipse.jgit_3.7.1.201504261725-r.jar:3.7.1.201504261725-r]
	at org.eclipse.egit.core.RepositoryCache.lookupRepository(RepositoryCache.java:55) [org.eclipse.egit.core_3.7.1.201504261725-r.jar:na]
	at org.eclipse.egit.core.project.GitProjectData.map(GitProjectData.java:503) [org.eclipse.egit.core_3.7.1.201504261725-r.jar:na]
	at org.eclipse.egit.core.project.GitProjectData.remapAll(GitProjectData.java:471) [org.eclipse.egit.core_3.7.1.201504261725-r.jar:na]
	at org.eclipse.egit.core.project.GitProjectData.load(GitProjectData.java:464) [org.eclipse.egit.core_3.7.1.201504261725-r.jar:na]
	at org.eclipse.egit.core.project.GitProjectData.get(GitProjectData.java:204) [org.eclipse.egit.core_3.7.1.201504261725-r.jar:na]
	at org.eclipse.egit.core.GitProvider.getData(GitProvider.java:86) [org.eclipse.egit.core_3.7.1.201504261725-r.jar:na]
	at org.eclipse.egit.core.project.RepositoryMapping.getMapping(RepositoryMapping.java:318) [org.eclipse.egit.core_3.7.1.201504261725-r.jar:na]
	at org.eclipse.egit.ui.Activator$ResourceRefreshJob.triggerRefresh(Activator.java:434) [org.eclipse.egit.ui_3.7.1.201504261725-r.jar:na]
	at org.eclipse.egit.ui.Activator$1.windowActivated(Activator.java:287) [org.eclipse.egit.ui_3.7.1.201504261725-r.jar:na]
	at org.eclipse.ui.internal.Workbench$11.run(Workbench.java:1045) [org.eclipse.ui.workbench_3.106.2.v20150204-1030.jar:na]
	at org.eclipse.core.runtime.SafeRunner.run(SafeRunner.java:42) [org.eclipse.equinox.common_3.6.200.v20130402-1505.jar:na]
	at org.eclipse.ui.internal.Workbench.fireWindowActivated(Workbench.java:1042) [org.eclipse.ui.workbench_3.106.2.v20150204-1030.jar:na]
	at org.eclipse.ui.internal.WorkbenchWindow$14.shellActivated(WorkbenchWindow.java:2285) [org.eclipse.ui.workbench_3.106.2.v20150204-1030.jar:na]
	at org.eclipse.swt.widgets.TypedListener.handleEvent(TypedListener.java:88) [org.eclipse.swt.win32.win32.x86_64_3.103.2.v20150203-1351.jar:na]
	at org.eclipse.swt.widgets.EventTable.sendEvent(EventTable.java:84) [org.eclipse.swt.win32.win32.x86_64_3.103.2.v20150203-1351.jar:na]
	at org.eclipse.swt.widgets.Display.sendEvent(Display.java:4353) [org.eclipse.swt.win32.win32.x86_64_3.103.2.v20150203-1351.jar:na]
	at org.eclipse.swt.widgets.Widget.sendEvent(Widget.java:1061) [org.eclipse.swt.win32.win32.x86_64_3.103.2.v20150203-1351.jar:na]
	at org.eclipse.swt.widgets.Widget.sendEvent(Widget.java:1085) [org.eclipse.swt.win32.win32.x86_64_3.103.2.v20150203-1351.jar:na]
	at org.eclipse.swt.widgets.Widget.sendEvent(Widget.java:1070) [org.eclipse.swt.win32.win32.x86_64_3.103.2.v20150203-1351.jar:na]
	at org.eclipse.swt.widgets.Decorations.WM_ACTIVATE(Decorations.java:1666) [org.eclipse.swt.win32.win32.x86_64_3.103.2.v20150203-1351.jar:na]
	at org.eclipse.swt.widgets.Shell.WM_ACTIVATE(Shell.java:2151) [org.eclipse.swt.win32.win32.x86_64_3.103.2.v20150203-1351.jar:na]
	at org.eclipse.swt.widgets.Control.windowProc(Control.java:4607) [org.eclipse.swt.win32.win32.x86_64_3.103.2.v20150203-1351.jar:na]
	at org.eclipse.swt.widgets.Canvas.windowProc(Canvas.java:339) [org.eclipse.swt.win32.win32.x86_64_3.103.2.v20150203-1351.jar:na]
	at org.eclipse.swt.widgets.Decorations.windowProc(Decorations.java:1626) [org.eclipse.swt.win32.win32.x86_64_3.103.2.v20150203-1351.jar:na]
	at org.eclipse.swt.widgets.Shell.windowProc(Shell.java:2075) [org.eclipse.swt.win32.win32.x86_64_3.103.2.v20150203-1351.jar:na]
	at org.eclipse.swt.widgets.Display.windowProc(Display.java:5023) [org.eclipse.swt.win32.win32.x86_64_3.103.2.v20150203-1351.jar:na]
	at org.eclipse.swt.internal.win32.OS.BringWindowToTop(Native Method) [org.eclipse.swt.win32.win32.x86_64_3.103.2.v20150203-1351.jar:na]
	at org.eclipse.swt.widgets.Decorations.bringToTop(Decorations.java:230) [org.eclipse.swt.win32.win32.x86_64_3.103.2.v20150203-1351.jar:na]
	at org.eclipse.swt.widgets.Shell.open(Shell.java:1217) [org.eclipse.swt.win32.win32.x86_64_3.103.2.v20150203-1351.jar:na]
	at org.eclipse.e4.ui.workbench.renderers.swt.WBWRenderer.postProcess(WBWRenderer.java:744) [org.eclipse.e4.ui.workbench.renderers.swt_0.12.2.v20150204-1353.jar:na]
	at org.eclipse.e4.ui.internal.workbench.swt.PartRenderingEngine.safeCreateGui(PartRenderingEngine.java:678) [org.eclipse.e4.ui.workbench.swt_0.12.100.v20141126-1150.jar:na]
	at org.eclipse.e4.ui.internal.workbench.swt.PartRenderingEngine.safeCreateGui(PartRenderingEngine.java:766) [org.eclipse.e4.ui.workbench.swt_0.12.100.v20141126-1150.jar:na]
	at org.eclipse.e4.ui.internal.workbench.swt.PartRenderingEngine.access$2(PartRenderingEngine.java:737) [org.eclipse.e4.ui.workbench.swt_0.12.100.v20141126-1150.jar:na]
	at org.eclipse.e4.ui.internal.workbench.swt.PartRenderingEngine$7.run(PartRenderingEngine.java:731) [org.eclipse.e4.ui.workbench.swt_0.12.100.v20141126-1150.jar:na]
	at org.eclipse.core.runtime.SafeRunner.run(SafeRunner.java:42) [org.eclipse.equinox.common_3.6.200.v20130402-1505.jar:na]
	at org.eclipse.e4.ui.internal.workbench.swt.PartRenderingEngine.createGui(PartRenderingEngine.java:715) [org.eclipse.e4.ui.workbench.swt_0.12.100.v20141126-1150.jar:na]
	at org.eclipse.e4.ui.internal.workbench.swt.PartRenderingEngine$9.run(PartRenderingEngine.java:1078) [org.eclipse.e4.ui.workbench.swt_0.12.100.v20141126-1150.jar:na]
	at org.eclipse.core.databinding.observable.Realm.runWithDefault(Realm.java:332) [org.eclipse.core.databinding.observable_1.4.1.v20140210-1835.jar:na]
	at org.eclipse.e4.ui.internal.workbench.swt.PartRenderingEngine.run(PartRenderingEngine.java:1032) [org.eclipse.e4.ui.workbench.swt_0.12.100.v20141126-1150.jar:na]
	at org.eclipse.e4.ui.internal.workbench.E4Workbench.createAndRunUI(E4Workbench.java:148) [org.eclipse.e4.ui.workbench_1.2.2.v20141212-1259.jar:na]
	at org.eclipse.ui.internal.Workbench$5.run(Workbench.java:636) [org.eclipse.ui.workbench_3.106.2.v20150204-1030.jar:na]
	at org.eclipse.core.databinding.observable.Realm.runWithDefault(Realm.java:332) [org.eclipse.core.databinding.observable_1.4.1.v20140210-1835.jar:na]
	at org.eclipse.ui.internal.Workbench.createAndRunWorkbench(Workbench.java:579) [org.eclipse.ui.workbench_3.106.2.v20150204-1030.jar:na]
	at org.eclipse.ui.PlatformUI.createAndRunWorkbench(PlatformUI.java:150) [org.eclipse.ui.workbench_3.106.2.v20150204-1030.jar:na]
	at org.eclipse.ui.internal.ide.application.IDEApplication.start(IDEApplication.java:135) [org.eclipse.ui.ide.application_1.0.501.v20141111-1238.jar:na]
	at org.eclipse.equinox.internal.app.EclipseAppHandle.run(EclipseAppHandle.java:196) [org.eclipse.equinox.app_1.3.200.v20130910-1609.jar:na]
	at org.eclipse.core.runtime.internal.adaptor.EclipseAppLauncher.runApplication(EclipseAppLauncher.java:134) [org.eclipse.osgi_3.10.2.v20150203-1939.jar:na]
	at org.eclipse.core.runtime.internal.adaptor.EclipseAppLauncher.start(EclipseAppLauncher.java:104) [org.eclipse.osgi_3.10.2.v20150203-1939.jar:na]
	at org.eclipse.core.runtime.adaptor.EclipseStarter.run(EclipseStarter.java:380) [org.eclipse.osgi_3.10.2.v20150203-1939.jar:na]
	at org.eclipse.core.runtime.adaptor.EclipseStarter.run(EclipseStarter.java:235) [org.eclipse.osgi_3.10.2.v20150203-1939.jar:na]
	at sun.reflect.NativeMethodAccessorImpl.invoke0(Native Method) ~[na:1.8.0_66]
	at sun.reflect.NativeMethodAccessorImpl.invoke(Unknown Source) ~[na:1.8.0_66]
	at sun.reflect.DelegatingMethodAccessorImpl.invoke(Unknown Source) ~[na:1.8.0_66]
	at java.lang.reflect.Method.invoke(Unknown Source) ~[na:1.8.0_66]
	at org.eclipse.equinox.launcher.Main.invokeFramework(Main.java:648) [org.eclipse.equinox.launcher_1.3.0.v20140415-2008.jar:na]
	at org.eclipse.equinox.launcher.Main.basicRun(Main.java:603) [org.eclipse.equinox.launcher_1.3.0.v20140415-2008.jar:na]
	at org.eclipse.equinox.launcher.Main.run(Main.java:1465) [org.eclipse.equinox.launcher_1.3.0.v20140415-2008.jar:na]
Caused by: java.io.IOException: CreateProcess error=2, The system cannot find the file specified
	at java.lang.ProcessImpl.create(Native Method) ~[na:1.8.0_66]
	at java.lang.ProcessImpl.<init>(Unknown Source) ~[na:1.8.0_66]
	at java.lang.ProcessImpl.start(Unknown Source) ~[na:1.8.0_66]
	... 66 common frames omitted
2016-01-17 19:13:54,200 [Worker-6] INFO  o.e.m.c.i.l.LifecycleMappingFactory - Using org.eclipse.m2e.jdt.JarLifecycleMapping lifecycle mapping for MavenProject: ProjectoJava_Modulos_IO_v2:ProjectoJava_Modulos_IO_v2:0.0.1-SNAPSHOT @ D:\clouds\Drive Ilimitado\BackEnd_JavaSE_IO\ProjectoJava_Modulos_IO_v2\pom.xml.
2016-01-17 19:13:54,660 [Worker-6] INFO  o.e.m.j.i.AbstractJavaProjectConfigurator - Adding source folder /ProjectoJava_Modulos_IO_v2/src
2016-01-17 19:13:54,660 [Worker-6] INFO  o.e.m.j.i.AbstractJavaProjectConfigurator - Not adding source folder /ProjectoJava_Modulos_IO_v2/src/test/java because it overlaps with /ProjectoJava_Modulos_IO_v2/src
2016-01-17 19:13:54,752 [Worker-6] INFO  o.e.m.c.i.p.ProjectConfigurationManager - Update started
2016-01-17 19:13:55,144 [Worker-6] INFO  o.e.m.c.i.l.LifecycleMappingFactory - Using org.eclipse.m2e.jdt.JarLifecycleMapping lifecycle mapping for MavenProject: ProjectoJava_Modulos_IO_v2:ProjectoJava_Modulos_IO_v2:0.0.1-SNAPSHOT @ D:\clouds\Drive Ilimitado\BackEnd_JavaSE_IO\ProjectoJava_Modulos_IO_v2\pom.xml.
2016-01-17 19:13:55,446 [Worker-6] INFO  o.e.m.j.i.AbstractJavaProjectConfigurator - Adding source folder /ProjectoJava_Modulos_IO_v2/src
2016-01-17 19:13:55,446 [Worker-6] INFO  o.e.m.j.i.AbstractJavaProjectConfigurator - Not adding source folder /ProjectoJava_Modulos_IO_v2/src/test/java because it overlaps with /ProjectoJava_Modulos_IO_v2/src
2016-01-17 19:13:55,495 [Worker-6] INFO  o.e.m.c.i.p.ProjectConfigurationManager - Update completed: 0 sec
2016-01-17 19:16:39,606 [Worker-9] INFO  o.e.m.c.i.l.LifecycleMappingFactory - Using org.eclipse.m2e.jdt.JarLifecycleMapping lifecycle mapping for MavenProject: ProjectoJava_Modulos_IO_v2:ProjectoJava_Modulos_IO_v2:0.0.1-SNAPSHOT @ D:\clouds\Drive Ilimitado\BackEnd_JavaSE_IO\ProjectoJava_Modulos_IO_v2\pom.xml.
2016-01-17 19:16:39,805 [Worker-9] WARN  o.e.m.c.i.embedder.EclipseLogger - Using platform encoding (Cp1252 actually) to copy filtered resources, i.e. build is platform dependent!
2016-01-17 19:16:39,809 [Worker-9] INFO  o.e.m.c.i.embedder.EclipseLogger - skip non existing resourceDirectory D:\clouds\Drive Ilimitado\BackEnd_JavaSE_IO\ProjectoJava_Modulos_IO_v2\src\main\resources
2016-01-17 19:16:39,810 [Worker-9] WARN  o.e.m.c.i.embedder.EclipseLogger - Using platform encoding (Cp1252 actually) to copy filtered resources, i.e. build is platform dependent!
2016-01-17 19:16:39,813 [Worker-9] INFO  o.e.m.c.i.embedder.EclipseLogger - skip non existing resourceDirectory D:\clouds\Drive Ilimitado\BackEnd_JavaSE_IO\ProjectoJava_Modulos_IO_v2\src\test\resources
2016-01-17 19:16:41,304 [Worker-12] WARN  o.e.m.c.i.embedder.EclipseLogger - Using platform encoding (Cp1252 actually) to copy filtered resources, i.e. build is platform dependent!
2016-01-17 19:16:41,307 [Worker-12] INFO  o.e.m.c.i.embedder.EclipseLogger - skip non existing resourceDirectory D:\clouds\Drive Ilimitado\BackEnd_JavaSE_IO\ProjectoJava_Modulos_IO_v2\src\main\resources
2016-01-17 19:16:41,308 [Worker-12] WARN  o.e.m.c.i.embedder.EclipseLogger - Using platform encoding (Cp1252 actually) to copy filtered resources, i.e. build is platform dependent!
2016-01-17 19:16:41,310 [Worker-12] INFO  o.e.m.c.i.embedder.EclipseLogger - skip non existing resourceDirectory D:\clouds\Drive Ilimitado\BackEnd_JavaSE_IO\ProjectoJava_Modulos_IO_v2\src\test\resources
2016-01-17 19:17:39,348 [Worker-12] WARN  o.e.m.c.i.embedder.EclipseLogger - Using platform encoding (Cp1252 actually) to copy filtered resources, i.e. build is platform dependent!
2016-01-17 19:17:39,351 [Worker-12] INFO  o.e.m.c.i.embedder.EclipseLogger - skip non existing resourceDirectory D:\clouds\Drive Ilimitado\BackEnd_JavaSE_IO\ProjectoJava_Modulos_IO_v2\src\main\resources
2016-01-17 19:17:39,352 [Worker-12] WARN  o.e.m.c.i.embedder.EclipseLogger - Using platform encoding (Cp1252 actually) to copy filtered resources, i.e. build is platform dependent!
2016-01-17 19:17:39,355 [Worker-12] INFO  o.e.m.c.i.embedder.EclipseLogger - skip non existing resourceDirectory D:\clouds\Drive Ilimitado\BackEnd_JavaSE_IO\ProjectoJava_Modulos_IO_v2\src\test\resources
2016-01-17 19:17:51,836 [Worker-13] WARN  o.e.m.c.i.embedder.EclipseLogger - Using platform encoding (Cp1252 actually) to copy filtered resources, i.e. build is platform dependent!
2016-01-17 19:17:51,840 [Worker-13] INFO  o.e.m.c.i.embedder.EclipseLogger - skip non existing resourceDirectory D:\clouds\Drive Ilimitado\BackEnd_JavaSE_IO\ProjectoJava_Modulos_IO_v2\src\main\resources
2016-01-17 19:17:51,841 [Worker-13] WARN  o.e.m.c.i.embedder.EclipseLogger - Using platform encoding (Cp1252 actually) to copy filtered resources, i.e. build is platform dependent!
2016-01-17 19:17:51,844 [Worker-13] INFO  o.e.m.c.i.embedder.EclipseLogger - skip non existing resourceDirectory D:\clouds\Drive Ilimitado\BackEnd_JavaSE_IO\ProjectoJava_Modulos_IO_v2\src\test\resources
2016-01-17 19:19:05,725 [Worker-14] WARN  o.e.m.c.i.embedder.EclipseLogger - Using platform encoding (Cp1252 actually) to copy filtered resources, i.e. build is platform dependent!
2016-01-17 19:19:05,728 [Worker-14] INFO  o.e.m.c.i.embedder.EclipseLogger - skip non existing resourceDirectory D:\clouds\Drive Ilimitado\BackEnd_JavaSE_IO\ProjectoJava_Modulos_IO_v2\src\main\resources
2016-01-17 19:19:05,729 [Worker-14] WARN  o.e.m.c.i.embedder.EclipseLogger - Using platform encoding (Cp1252 actually) to copy filtered resources, i.e. build is platform dependent!
2016-01-17 19:19:05,732 [Worker-14] INFO  o.e.m.c.i.embedder.EclipseLogger - skip non existing resourceDirectory D:\clouds\Drive Ilimitado\BackEnd_JavaSE_IO\ProjectoJava_Modulos_IO_v2\src\test\resources
2016-01-17 19:27:22,890 [Worker-2] WARN  o.e.m.c.i.embedder.EclipseLogger - Using platform encoding (Cp1252 actually) to copy filtered resources, i.e. build is platform dependent!
2016-01-17 19:27:22,893 [Worker-2] INFO  o.e.m.c.i.embedder.EclipseLogger - skip non existing resourceDirectory D:\clouds\Drive Ilimitado\BackEnd_JavaSE_IO\ProjectoJava_Modulos_IO_v2\src\main\resources
2016-01-17 19:27:22,894 [Worker-2] WARN  o.e.m.c.i.embedder.EclipseLogger - Using platform encoding (Cp1252 actually) to copy filtered resources, i.e. build is platform dependent!
2016-01-17 19:27:22,897 [Worker-2] INFO  o.e.m.c.i.embedder.EclipseLogger - skip non existing resourceDirectory D:\clouds\Drive Ilimitado\BackEnd_JavaSE_IO\ProjectoJava_Modulos_IO_v2\src\test\resources
2016-01-17 19:27:33,088 [Worker-10] WARN  o.e.m.c.i.embedder.EclipseLogger - Using platform encoding (Cp1252 actually) to copy filtered resources, i.e. build is platform dependent!
2016-01-17 19:27:33,091 [Worker-10] INFO  o.e.m.c.i.embedder.EclipseLogger - skip non existing resourceDirectory D:\clouds\Drive Ilimitado\BackEnd_JavaSE_IO\ProjectoJava_Modulos_IO_v2\src\main\resources
2016-01-17 19:27:33,092 [Worker-10] WARN  o.e.m.c.i.embedder.EclipseLogger - Using platform encoding (Cp1252 actually) to copy filtered resources, i.e. build is platform dependent!
2016-01-17 19:27:33,095 [Worker-10] INFO  o.e.m.c.i.embedder.EclipseLogger - skip non existing resourceDirectory D:\clouds\Drive Ilimitado\BackEnd_JavaSE_IO\ProjectoJava_Modulos_IO_v2\src\test\resources
2016-01-17 19:36:20,157 [Worker-21] WARN  o.e.m.c.i.embedder.EclipseLogger - Using platform encoding (Cp1252 actually) to copy filtered resources, i.e. build is platform dependent!
2016-01-17 19:36:20,161 [Worker-21] INFO  o.e.m.c.i.embedder.EclipseLogger - skip non existing resourceDirectory D:\clouds\Drive Ilimitado\BackEnd_JavaSE_IO\ProjectoJava_Modulos_IO_v2\src\main\resources
2016-01-17 19:36:20,163 [Worker-21] WARN  o.e.m.c.i.embedder.EclipseLogger - Using platform encoding (Cp1252 actually) to copy filtered resources, i.e. build is platform dependent!
2016-01-17 19:36:20,166 [Worker-21] INFO  o.e.m.c.i.embedder.EclipseLogger - skip non existing resourceDirectory D:\clouds\Drive Ilimitado\BackEnd_JavaSE_IO\ProjectoJava_Modulos_IO_v2\src\test\resources
2016-01-17 20:26:23,755 [Worker-33] WARN  o.e.m.c.i.embedder.EclipseLogger - Using platform encoding (Cp1252 actually) to copy filtered resources, i.e. build is platform dependent!
2016-01-17 20:26:23,758 [Worker-33] INFO  o.e.m.c.i.embedder.EclipseLogger - skip non existing resourceDirectory D:\clouds\Drive Ilimitado\BackEnd_JavaSE_IO\ProjectoJava_Modulos_IO_v2\src\main\resources
2016-01-17 20:26:23,759 [Worker-33] WARN  o.e.m.c.i.embedder.EclipseLogger - Using platform encoding (Cp1252 actually) to copy filtered resources, i.e. build is platform dependent!
2016-01-17 20:26:23,762 [Worker-33] INFO  o.e.m.c.i.embedder.EclipseLogger - skip non existing resourceDirectory D:\clouds\Drive Ilimitado\BackEnd_JavaSE_IO\ProjectoJava_Modulos_IO_v2\src\test\resources
2016-01-17 20:26:27,583 [Worker-34] WARN  o.e.m.c.i.embedder.EclipseLogger - Using platform encoding (Cp1252 actually) to copy filtered resources, i.e. build is platform dependent!
2016-01-17 20:26:27,585 [Worker-34] INFO  o.e.m.c.i.embedder.EclipseLogger - skip non existing resourceDirectory D:\clouds\Drive Ilimitado\BackEnd_JavaSE_IO\ProjectoJava_Modulos_IO_v2\src\main\resources
2016-01-17 20:26:27,586 [Worker-34] WARN  o.e.m.c.i.embedder.EclipseLogger - Using platform encoding (Cp1252 actually) to copy filtered resources, i.e. build is platform dependent!
2016-01-17 20:26:27,589 [Worker-34] INFO  o.e.m.c.i.embedder.EclipseLogger - skip non existing resourceDirectory D:\clouds\Drive Ilimitado\BackEnd_JavaSE_IO\ProjectoJava_Modulos_IO_v2\src\test\resources
2016-01-17 20:27:24,959 [Worker-34] WARN  o.e.m.c.i.embedder.EclipseLogger - Using platform encoding (Cp1252 actually) to copy filtered resources, i.e. build is platform dependent!
2016-01-17 20:27:24,962 [Worker-34] INFO  o.e.m.c.i.embedder.EclipseLogger - skip non existing resourceDirectory D:\clouds\Drive Ilimitado\BackEnd_JavaSE_IO\ProjectoJava_Modulos_IO_v2\src\main\resources
2016-01-17 20:27:24,963 [Worker-34] WARN  o.e.m.c.i.embedder.EclipseLogger - Using platform encoding (Cp1252 actually) to copy filtered resources, i.e. build is platform dependent!
2016-01-17 20:27:24,966 [Worker-34] INFO  o.e.m.c.i.embedder.EclipseLogger - skip non existing resourceDirectory D:\clouds\Drive Ilimitado\BackEnd_JavaSE_IO\ProjectoJava_Modulos_IO_v2\src\test\resources
2016-01-17 20:27:56,683 [Worker-34] WARN  o.e.m.c.i.embedder.EclipseLogger - Using platform encoding (Cp1252 actually) to copy filtered resources, i.e. build is platform dependent!
2016-01-17 20:27:56,686 [Worker-34] INFO  o.e.m.c.i.embedder.EclipseLogger - skip non existing resourceDirectory D:\clouds\Drive Ilimitado\BackEnd_JavaSE_IO\ProjectoJava_Modulos_IO_v2\src\main\resources
2016-01-17 20:27:56,687 [Worker-34] WARN  o.e.m.c.i.embedder.EclipseLogger - Using platform encoding (Cp1252 actually) to copy filtered resources, i.e. build is platform dependent!
2016-01-17 20:27:56,690 [Worker-34] INFO  o.e.m.c.i.embedder.EclipseLogger - skip non existing resourceDirectory D:\clouds\Drive Ilimitado\BackEnd_JavaSE_IO\ProjectoJava_Modulos_IO_v2\src\test\resources
2016-01-17 20:29:03,672 [Worker-34] WARN  o.e.m.c.i.embedder.EclipseLogger - Using platform encoding (Cp1252 actually) to copy filtered resources, i.e. build is platform dependent!
2016-01-17 20:29:03,675 [Worker-34] INFO  o.e.m.c.i.embedder.EclipseLogger - skip non existing resourceDirectory D:\clouds\Drive Ilimitado\BackEnd_JavaSE_IO\ProjectoJava_Modulos_IO_v2\src\main\resources
2016-01-17 20:29:03,676 [Worker-34] WARN  o.e.m.c.i.embedder.EclipseLogger - Using platform encoding (Cp1252 actually) to copy filtered resources, i.e. build is platform dependent!
2016-01-17 20:29:03,679 [Worker-34] INFO  o.e.m.c.i.embedder.EclipseLogger - skip non existing resourceDirectory D:\clouds\Drive Ilimitado\BackEnd_JavaSE_IO\ProjectoJava_Modulos_IO_v2\src\test\resources
2016-01-17 20:31:52,728 [Worker-25] WARN  o.e.m.c.i.embedder.EclipseLogger - Using platform encoding (Cp1252 actually) to copy filtered resources, i.e. build is platform dependent!
2016-01-17 20:31:52,730 [Worker-25] INFO  o.e.m.c.i.embedder.EclipseLogger - skip non existing resourceDirectory D:\clouds\Drive Ilimitado\BackEnd_JavaSE_IO\ProjectoJava_Modulos_IO_v2\src\main\resources
2016-01-17 20:31:52,731 [Worker-25] WARN  o.e.m.c.i.embedder.EclipseLogger - Using platform encoding (Cp1252 actually) to copy filtered resources, i.e. build is platform dependent!
2016-01-17 20:31:52,734 [Worker-25] INFO  o.e.m.c.i.embedder.EclipseLogger - skip non existing resourceDirectory D:\clouds\Drive Ilimitado\BackEnd_JavaSE_IO\ProjectoJava_Modulos_IO_v2\src\test\resources
2016-01-17 20:32:48,684 [Worker-30] WARN  o.e.m.c.i.embedder.EclipseLogger - Using platform encoding (Cp1252 actually) to copy filtered resources, i.e. build is platform dependent!
2016-01-17 20:32:48,687 [Worker-30] INFO  o.e.m.c.i.embedder.EclipseLogger - skip non existing resourceDirectory D:\clouds\Drive Ilimitado\BackEnd_JavaSE_IO\ProjectoJava_Modulos_IO_v2\src\main\resources
2016-01-17 20:32:48,688 [Worker-30] WARN  o.e.m.c.i.embedder.EclipseLogger - Using platform encoding (Cp1252 actually) to copy filtered resources, i.e. build is platform dependent!
2016-01-17 20:32:48,691 [Worker-30] INFO  o.e.m.c.i.embedder.EclipseLogger - skip non existing resourceDirectory D:\clouds\Drive Ilimitado\BackEnd_JavaSE_IO\ProjectoJava_Modulos_IO_v2\src\test\resources
2016-01-17 20:33:22,256 [Worker-30] WARN  o.e.m.c.i.embedder.EclipseLogger - Using platform encoding (Cp1252 actually) to copy filtered resources, i.e. build is platform dependent!
2016-01-17 20:33:22,259 [Worker-30] INFO  o.e.m.c.i.embedder.EclipseLogger - skip non existing resourceDirectory D:\clouds\Drive Ilimitado\BackEnd_JavaSE_IO\ProjectoJava_Modulos_IO_v2\src\main\resources
2016-01-17 20:33:22,261 [Worker-30] WARN  o.e.m.c.i.embedder.EclipseLogger - Using platform encoding (Cp1252 actually) to copy filtered resources, i.e. build is platform dependent!
2016-01-17 20:33:22,263 [Worker-30] INFO  o.e.m.c.i.embedder.EclipseLogger - skip non existing resourceDirectory D:\clouds\Drive Ilimitado\BackEnd_JavaSE_IO\ProjectoJava_Modulos_IO_v2\src\test\resources
2016-01-17 20:33:31,332 [Worker-36] WARN  o.e.m.c.i.embedder.EclipseLogger - Using platform encoding (Cp1252 actually) to copy filtered resources, i.e. build is platform dependent!
2016-01-17 20:33:31,335 [Worker-36] INFO  o.e.m.c.i.embedder.EclipseLogger - skip non existing resourceDirectory D:\clouds\Drive Ilimitado\BackEnd_JavaSE_IO\ProjectoJava_Modulos_IO_v2\src\main\resources
2016-01-17 20:33:31,336 [Worker-36] WARN  o.e.m.c.i.embedder.EclipseLogger - Using platform encoding (Cp1252 actually) to copy filtered resources, i.e. build is platform dependent!
2016-01-17 20:33:31,338 [Worker-36] INFO  o.e.m.c.i.embedder.EclipseLogger - skip non existing resourceDirectory D:\clouds\Drive Ilimitado\BackEnd_JavaSE_IO\ProjectoJava_Modulos_IO_v2\src\test\resources
2016-01-17 20:34:28,345 [Worker-35] WARN  o.e.m.c.i.embedder.EclipseLogger - Using platform encoding (Cp1252 actually) to copy filtered resources, i.e. build is platform dependent!
2016-01-17 20:34:28,348 [Worker-35] INFO  o.e.m.c.i.embedder.EclipseLogger - skip non existing resourceDirectory D:\clouds\Drive Ilimitado\BackEnd_JavaSE_IO\ProjectoJava_Modulos_IO_v2\src\main\resources
2016-01-17 20:34:28,349 [Worker-35] WARN  o.e.m.c.i.embedder.EclipseLogger - Using platform encoding (Cp1252 actually) to copy filtered resources, i.e. build is platform dependent!
2016-01-17 20:34:28,353 [Worker-35] INFO  o.e.m.c.i.embedder.EclipseLogger - skip non existing resourceDirectory D:\clouds\Drive Ilimitado\BackEnd_JavaSE_IO\ProjectoJava_Modulos_IO_v2\src\test\resources
2016-01-17 20:37:52,842 [Worker-39] WARN  o.e.m.c.i.embedder.EclipseLogger - Using platform encoding (Cp1252 actually) to copy filtered resources, i.e. build is platform dependent!
2016-01-17 20:37:52,845 [Worker-39] INFO  o.e.m.c.i.embedder.EclipseLogger - skip non existing resourceDirectory D:\clouds\Drive Ilimitado\BackEnd_JavaSE_IO\ProjectoJava_Modulos_IO_v2\src\main\resources
2016-01-17 20:37:52,845 [Worker-39] WARN  o.e.m.c.i.embedder.EclipseLogger - Using platform encoding (Cp1252 actually) to copy filtered resources, i.e. build is platform dependent!
2016-01-17 20:37:52,848 [Worker-39] INFO  o.e.m.c.i.embedder.EclipseLogger - skip non existing resourceDirectory D:\clouds\Drive Ilimitado\BackEnd_JavaSE_IO\ProjectoJava_Modulos_IO_v2\src\test\resources
2016-01-17 20:38:46,490 [Worker-40] WARN  o.e.m.c.i.embedder.EclipseLogger - Using platform encoding (Cp1252 actually) to copy filtered resources, i.e. build is platform dependent!
2016-01-17 20:38:46,493 [Worker-40] INFO  o.e.m.c.i.embedder.EclipseLogger - skip non existing resourceDirectory D:\clouds\Drive Ilimitado\BackEnd_JavaSE_IO\ProjectoJava_Modulos_IO_v2\src\main\resources
2016-01-17 20:38:46,493 [Worker-40] WARN  o.e.m.c.i.embedder.EclipseLogger - Using platform encoding (Cp1252 actually) to copy filtered resources, i.e. build is platform dependent!
2016-01-17 20:38:46,496 [Worker-40] INFO  o.e.m.c.i.embedder.EclipseLogger - skip non existing resourceDirectory D:\clouds\Drive Ilimitado\BackEnd_JavaSE_IO\ProjectoJava_Modulos_IO_v2\src\test\resources
2016-01-17 20:39:04,253 [Worker-27] WARN  o.e.m.c.i.embedder.EclipseLogger - Using platform encoding (Cp1252 actually) to copy filtered resources, i.e. build is platform dependent!
2016-01-17 20:39:04,256 [Worker-27] INFO  o.e.m.c.i.embedder.EclipseLogger - skip non existing resourceDirectory D:\clouds\Drive Ilimitado\BackEnd_JavaSE_IO\ProjectoJava_Modulos_IO_v2\src\main\resources
2016-01-17 20:39:04,257 [Worker-27] WARN  o.e.m.c.i.embedder.EclipseLogger - Using platform encoding (Cp1252 actually) to copy filtered resources, i.e. build is platform dependent!
2016-01-17 20:39:04,260 [Worker-27] INFO  o.e.m.c.i.embedder.EclipseLogger - skip non existing resourceDirectory D:\clouds\Drive Ilimitado\BackEnd_JavaSE_IO\ProjectoJava_Modulos_IO_v2\src\test\resources
2016-01-17 20:39:23,092 [Worker-35] WARN  o.e.m.c.i.embedder.EclipseLogger - Using platform encoding (Cp1252 actually) to copy filtered resources, i.e. build is platform dependent!
2016-01-17 20:39:23,095 [Worker-35] INFO  o.e.m.c.i.embedder.EclipseLogger - skip non existing resourceDirectory D:\clouds\Drive Ilimitado\BackEnd_JavaSE_IO\ProjectoJava_Modulos_IO_v2\src\main\resources
2016-01-17 20:39:23,096 [Worker-35] WARN  o.e.m.c.i.embedder.EclipseLogger - Using platform encoding (Cp1252 actually) to copy filtered resources, i.e. build is platform dependent!
2016-01-17 20:39:23,099 [Worker-35] INFO  o.e.m.c.i.embedder.EclipseLogger - skip non existing resourceDirectory D:\clouds\Drive Ilimitado\BackEnd_JavaSE_IO\ProjectoJava_Modulos_IO_v2\src\test\resources
2016-01-17 20:39:35,107 [Worker-36] WARN  o.e.m.c.i.embedder.EclipseLogger - Using platform encoding (Cp1252 actually) to copy filtered resources, i.e. build is platform dependent!
2016-01-17 20:39:35,111 [Worker-36] INFO  o.e.m.c.i.embedder.EclipseLogger - skip non existing resourceDirectory D:\clouds\Drive Ilimitado\BackEnd_JavaSE_IO\ProjectoJava_Modulos_IO_v2\src\main\resources
2016-01-17 20:39:35,112 [Worker-36] WARN  o.e.m.c.i.embedder.EclipseLogger - Using platform encoding (Cp1252 actually) to copy filtered resources, i.e. build is platform dependent!
2016-01-17 20:39:35,115 [Worker-36] INFO  o.e.m.c.i.embedder.EclipseLogger - skip non existing resourceDirectory D:\clouds\Drive Ilimitado\BackEnd_JavaSE_IO\ProjectoJava_Modulos_IO_v2\src\test\resources
2016-01-17 20:42:17,531 [Worker-25] WARN  o.e.m.c.i.embedder.EclipseLogger - Using platform encoding (Cp1252 actually) to copy filtered resources, i.e. build is platform dependent!
2016-01-17 20:42:17,533 [Worker-25] INFO  o.e.m.c.i.embedder.EclipseLogger - skip non existing resourceDirectory D:\clouds\Drive Ilimitado\BackEnd_JavaSE_IO\ProjectoJava_Modulos_IO_v2\src\main\resources
2016-01-17 20:42:17,534 [Worker-25] WARN  o.e.m.c.i.embedder.EclipseLogger - Using platform encoding (Cp1252 actually) to copy filtered resources, i.e. build is platform dependent!
2016-01-17 20:42:17,537 [Worker-25] INFO  o.e.m.c.i.embedder.EclipseLogger - skip non existing resourceDirectory D:\clouds\Drive Ilimitado\BackEnd_JavaSE_IO\ProjectoJava_Modulos_IO_v2\src\test\resources
